Breakpoint 1 at 0x4005e0: file prime_factor.c, line 17.
Starting program: /home/shay/a/yashteka/264/hw04/prime_factor 

Breakpoint 1, print_prime_factors (n=6) at prime_factor.c:17
17	    if(n <= 0) {
Continuing.

Breakpoint 1, print_prime_factors (n=1) at prime_factor.c:17
17	    if(n <= 0) {
Continuing.

Breakpoint 1, print_prime_factors (n=0) at prime_factor.c:17
17	    if(n <= 0) {
Continuing.

Breakpoint 1, print_prime_factors (n=48)
    at prime_factor.c:17
17	    if(n <= 0) {
Continuing.

Breakpoint 1, print_prime_factors (n=49)
    at prime_factor.c:17
17	    if(n <= 0) {
print_prime_factors (n=49) at prime_factor.c:34
34	            for(int i = 3; i * i < n; i += 2) {
37	                while(n % i == 0) {
34	            for(int i = 3; i * i < n; i += 2) {
37	                while(n % i == 0) {
34	            for(int i = 3; i * i < n; i += 2) {
43	            if(n >= 3) {
44	                printf(" %d", n);
